This is pdfTeX, Version 3.1415926-2.5-1.40.14 (TeX Live 2013/Debian) (format=pdflatex 2015.4.27)  29 JUL 2017 14:58
entering extended mode
 restricted \write18 enabled.
 %&-line parsing enabled.
**sampleThesis.tex
(./sampleThesis.tex
LaTeX2e <2011/06/27>
Babel <3.9h> and hyphenation patterns for 78 languages loaded.
(/usr/share/texlive/texmf-dist/tex/latex/base/book.cls
Document Class: book 2007/10/19 v1.4h Standard LaTeX document class
(/usr/share/texlive/texmf-dist/tex/latex/base/bk11.clo
File: bk11.clo 2007/10/19 v1.4h Standard LaTeX file (size option)
)
\c@part=\count79
\c@chapter=\count80
\c@section=\count81
\c@subsection=\count82
\c@subsubsection=\count83
\c@paragraph=\count84
\c@subparagraph=\count85
\c@figure=\count86
\c@table=\count87
\abovecaptionskip=\skip41
\belowcaptionskip=\skip42
\bibindent=\dimen102
) (./iiit_thesis.sty
*******************************************************************
** UIUC Thesis Style File, version 1.1, Nov 1995 by Fred Geiger 
** Based On UTTHESIS.STY, Written by Dinesh Das 
** Dept. of Computer Sciences, The University of Texas at Austin 
*******************************************************************
(/usr/share/texlive/texmf-dist/tex/latex/base/ifthen.sty
Package: ifthen 2001/05/26 v1.1c Standard LaTeX ifthen package (DPC)
)
\hour=\count88
\minute=\count89
\wwwy=\count90
\wwwm=\count91
\wwwd=\count92
\wwwc=\count93
\wwwt=\count94
\wwws=\count95
)
(/usr/share/texlive/texmf-dist/tex/latex/psnfss/times.sty
Package: times 2005/04/12 PSNFSS-v9.2a (SPQR) 
)
(/usr/share/texlive/texmf-dist/tex/latex/graphics/epsfig.sty
Package: epsfig 1999/02/16 v1.7a (e)psfig emulation (SPQR)

(/usr/share/texlive/texmf-dist/tex/latex/graphics/graphicx.sty
Package: graphicx 1999/02/16 v1.0f Enhanced LaTeX Graphics (DPC,SPQR)

(/usr/share/texlive/texmf-dist/tex/latex/graphics/keyval.sty
Package: keyval 1999/03/16 v1.13 key=value parser (DPC)
\KV@toks@=\toks14
)
(/usr/share/texlive/texmf-dist/tex/latex/graphics/graphics.sty
Package: graphics 2009/02/05 v1.0o Standard LaTeX Graphics (DPC,SPQR)

(/usr/share/texlive/texmf-dist/tex/latex/graphics/trig.sty
Package: trig 1999/03/16 v1.09 sin cos tan (DPC)
)
(/usr/share/texlive/texmf-dist/tex/latex/latexconfig/graphics.cfg
File: graphics.cfg 2010/04/23 v1.9 graphics configuration of TeX Live
)
Package graphics Info: Driver file: pdftex.def on input line 91.

(/usr/share/texlive/texmf-dist/tex/latex/pdftex-def/pdftex.def
File: pdftex.def 2011/05/27 v0.06d Graphics/color for pdfTeX

(/usr/share/texlive/texmf-dist/tex/generic/oberdiek/infwarerr.sty
Package: infwarerr 2010/04/08 v1.3 Providing info/warning/error messages (HO)
)
(/usr/share/texlive/texmf-dist/tex/generic/oberdiek/ltxcmds.sty
Package: ltxcmds 2011/11/09 v1.22 LaTeX kernel commands for general use (HO)
)
\Gread@gobject=\count96
))
\Gin@req@height=\dimen103
\Gin@req@width=\dimen104
)
\epsfxsize=\dimen105
\epsfysize=\dimen106
)
(/usr/share/texlive/texmf-dist/tex/latex/amsmath/amsmath.sty
Package: amsmath 2013/01/14 v2.14 AMS math features
\@mathmargin=\skip43

For additional information on amsmath, use the `?' option.
(/usr/share/texlive/texmf-dist/tex/latex/amsmath/amstext.sty
Package: amstext 2000/06/29 v2.01

(/usr/share/texlive/texmf-dist/tex/latex/amsmath/amsgen.sty
File: amsgen.sty 1999/11/30 v2.0
\@emptytoks=\toks15
\ex@=\dimen107
))
(/usr/share/texlive/texmf-dist/tex/latex/amsmath/amsbsy.sty
Package: amsbsy 1999/11/29 v1.2d
\pmbraise@=\dimen108
)
(/usr/share/texlive/texmf-dist/tex/latex/amsmath/amsopn.sty
Package: amsopn 1999/12/14 v2.01 operator names
)
\inf@bad=\count97
LaTeX Info: Redefining \frac on input line 210.
\uproot@=\count98
\leftroot@=\count99
LaTeX Info: Redefining \overline on input line 306.
\classnum@=\count100
\DOTSCASE@=\count101
LaTeX Info: Redefining \ldots on input line 378.
LaTeX Info: Redefining \dots on input line 381.
LaTeX Info: Redefining \cdots on input line 466.
\Mathstrutbox@=\box26
\strutbox@=\box27
\big@size=\dimen109
LaTeX Font Info:    Redeclaring font encoding OML on input line 566.
LaTeX Font Info:    Redeclaring font encoding OMS on input line 567.
\macc@depth=\count102
\c@MaxMatrixCols=\count103
\dotsspace@=\muskip10
\c@parentequation=\count104
\dspbrk@lvl=\count105
\tag@help=\toks16
\row@=\count106
\column@=\count107
\maxfields@=\count108
\andhelp@=\toks17
\eqnshift@=\dimen110
\alignsep@=\dimen111
\tagshift@=\dimen112
\tagwidth@=\dimen113
\totwidth@=\dimen114
\lineht@=\dimen115
\@envbody=\toks18
\multlinegap=\skip44
\multlinetaggap=\skip45
\mathdisplay@stack=\toks19
LaTeX Info: Redefining \[ on input line 2665.
LaTeX Info: Redefining \] on input line 2666.
)
(/usr/share/texlive/texmf-dist/tex/latex/amsfonts/amssymb.sty
Package: amssymb 2013/01/14 v3.01 AMS font symbols

(/usr/share/texlive/texmf-dist/tex/latex/amsfonts/amsfonts.sty
Package: amsfonts 2013/01/14 v3.01 Basic AMSFonts support
\symAMSa=\mathgroup4
\symAMSb=\mathgroup5
LaTeX Font Info:    Overwriting math alphabet `\mathfrak' in version `bold'
(Font)                  U/euf/m/n --> U/euf/b/n on input line 106.
))
(/usr/share/texlive/texmf-dist/tex/latex/base/latexsym.sty
Package: latexsym 1998/08/17 v2.2e Standard LaTeX package (lasy symbols)
\symlasy=\mathgroup6
LaTeX Font Info:    Overwriting symbol font `lasy' in version `bold'
(Font)                  U/lasy/m/n --> U/lasy/b/n on input line 47.
)
(/usr/share/texlive/texmf-dist/tex/latex/multirow/multirow.sty
\bigstrutjot=\dimen116
)
(./algorithm2e.sty
Package: algorithm2e 2004/06/16
\c@AlgoLine=\count109
 (/usr/share/texlive/texmf-dist/tex/latex/tools/xspace.sty
Package: xspace 2009/10/20 v1.13 Space after command names (DPC,MH)
)
********************************************************
Package `algorithm2e' Release 3.3 -- june 16 2004 --
- algorithm2e-announce@lirmm.fr mailing list for announcement about releases
- algorithm2e-discussion@lirmm.fr mailing list for discussion about package
subscribe by emailing sympa@lirmm.fr with 'subscribe <list> <firstname name>'
- Author: Christophe Fiorio (fiorio@lirmm.fr)
********************************************************
\skiptotal=\skip46
\skiprule=\skip47
\skiphlne=\skip48
\skiptext=\skip49
\skiplength=\skip50
\algomargin=\skip51
\skipnumline=\skip52
\skipalgocfslide=\skip53
\algowidth=\dimen117
\inoutsize=\dimen118
\inoutline=\dimen119
\algocf@inoutbox=\box28
\algocf@inputbox=\box29
\algocf@capbox=\box30
\c@algocfline=\count110
\c@algocf=\count111
\algocf@algoframe=\box31
\algocf@algobox=\box32
) (/usr/share/texlive/texmf-dist/tex/latex/subfigure/subfigure.sty
Package: subfigure 2002/03/15 v2.1.5 subfigure package
\subfigtopskip=\skip54
\subfigcapskip=\skip55
\subfigcaptopadj=\dimen120
\subfigbottomskip=\skip56
\subfigcapmargin=\dimen121
\subfiglabelskip=\skip57
\c@subfigure=\count112
\c@lofdepth=\count113
\c@subtable=\count114
\c@lotdepth=\count115

****************************************
* Local config file subfigure.cfg used *
****************************************
(/usr/share/texlive/texmf-dist/tex/latex/subfigure/subfigure.cfg)
\subfig@top=\skip58
\subfig@bottom=\skip59
)
(/usr/share/texlive/texmf-dist/tex/latex/preprint/balance.sty
Package: balance 1999/02/23 4.3 (PWD)
\oldvsize=\dimen122
)
(/usr/share/texlive/texmf-dist/tex/latex/tools/tabularx.sty
Package: tabularx 1999/01/07 v2.07 `tabularx' package (DPC)

(/usr/share/texlive/texmf-dist/tex/latex/tools/array.sty
Package: array 2008/09/09 v2.4c Tabular extension package (FMi)
\col@sep=\dimen123
\extrarowheight=\dimen124
\NC@list=\toks20
\extratabsurround=\skip60
\backup@length=\skip61
)
\TX@col@width=\dimen125
\TX@old@table=\dimen126
\TX@old@col=\dimen127
\TX@target=\dimen128
\TX@delta=\dimen129
\TX@cols=\count116
\TX@ftn=\toks21
)
(/usr/share/texlive/texmf-dist/tex/latex/sidecap/sidecap.sty
Package: sidecap 2003/06/06 v1.6f SideCap Package (RN/HjG)
\SC@BOXWD=\dimen130
\SC@CAPWD=\dimen131
\SC@tempdima=\dimen132
\SC@tempdimb=\dimen133
\c@SC@C=\count117
\SC@BOX=\box33
)
(/usr/share/texlive/texmf-dist/tex/latex/hyperref/hyperref.sty
Package: hyperref 2012/11/06 v6.83m Hypertext links for LaTeX

(/usr/share/texlive/texmf-dist/tex/generic/oberdiek/hobsub-hyperref.sty
Package: hobsub-hyperref 2012/05/28 v1.13 Bundle oberdiek, subset hyperref (HO)


(/usr/share/texlive/texmf-dist/tex/generic/oberdiek/hobsub-generic.sty
Package: hobsub-generic 2012/05/28 v1.13 Bundle oberdiek, subset generic (HO)
Package: hobsub 2012/05/28 v1.13 Construct package bundles (HO)
Package hobsub Info: Skipping package `infwarerr' (already loaded).
Package hobsub Info: Skipping package `ltxcmds' (already loaded).
Package: ifluatex 2010/03/01 v1.3 Provides the ifluatex switch (HO)
Package ifluatex Info: LuaTeX not detected.
Package: ifvtex 2010/03/01 v1.5 Detect VTeX and its facilities (HO)
Package ifvtex Info: VTeX not detected.
Package: intcalc 2007/09/27 v1.1 Expandable calculations with integers (HO)
Package: ifpdf 2011/01/30 v2.3 Provides the ifpdf switch (HO)
Package ifpdf Info: pdfTeX in PDF mode is detected.
Package: etexcmds 2011/02/16 v1.5 Avoid name clashes with e-TeX commands (HO)
Package etexcmds Info: Could not find \expanded.
(etexcmds)             That can mean that you are not using pdfTeX 1.50 or
(etexcmds)             that some package has redefined \expanded.
(etexcmds)             In the latter case, load this package earlier.
Package: kvsetkeys 2012/04/25 v1.16 Key value parser (HO)
Package: kvdefinekeys 2011/04/07 v1.3 Define keys (HO)
Package: pdftexcmds 2011/11/29 v0.20 Utility functions of pdfTeX for LuaTeX (HO
)
Package pdftexcmds Info: LuaTeX not detected.
Package pdftexcmds Info: \pdf@primitive is available.
Package pdftexcmds Info: \pdf@ifprimitive is available.
Package pdftexcmds Info: \pdfdraftmode found.
Package: pdfescape 2011/11/25 v1.13 Implements pdfTeX's escape features (HO)
Package: bigintcalc 2012/04/08 v1.3 Expandable calculations on big integers (HO
)
Package: bitset 2011/01/30 v1.1 Handle bit-vector datatype (HO)
Package: uniquecounter 2011/01/30 v1.2 Provide unlimited unique counter (HO)
)
Package hobsub Info: Skipping package `hobsub' (already loaded).
Package: letltxmacro 2010/09/02 v1.4 Let assignment for LaTeX macros (HO)
Package: hopatch 2012/05/28 v1.2 Wrapper for package hooks (HO)
Package: xcolor-patch 2011/01/30 xcolor patch
Package: atveryend 2011/06/30 v1.8 Hooks at the very end of document (HO)
Package atveryend Info: \enddocument detected (standard20110627).
Package: atbegshi 2011/10/05 v1.16 At begin shipout hook (HO)
Package: refcount 2011/10/16 v3.4 Data extraction from label references (HO)
Package: hycolor 2011/01/30 v1.7 Color options for hyperref/bookmark (HO)
)
(/usr/share/texlive/texmf-dist/tex/generic/ifxetex/ifxetex.sty
Package: ifxetex 2010/09/12 v0.6 Provides ifxetex conditional
)
(/usr/share/texlive/texmf-dist/tex/latex/oberdiek/auxhook.sty
Package: auxhook 2011/03/04 v1.3 Hooks for auxiliary files (HO)
)
(/usr/share/texlive/texmf-dist/tex/latex/oberdiek/kvoptions.sty
Package: kvoptions 2011/06/30 v3.11 Key value format for package options (HO)
)
\@linkdim=\dimen134
\Hy@linkcounter=\count118
\Hy@pagecounter=\count119

(/usr/share/texlive/texmf-dist/tex/latex/hyperref/pd1enc.def
File: pd1enc.def 2012/11/06 v6.83m Hyperref: PDFDocEncoding definition (HO)
)
\Hy@SavedSpaceFactor=\count120

(/usr/share/texlive/texmf-dist/tex/latex/latexconfig/hyperref.cfg
File: hyperref.cfg 2002/06/06 v1.2 hyperref configuration of TeXLive
)
Package hyperref Info: Hyper figures OFF on input line 4443.
Package hyperref Info: Link nesting OFF on input line 4448.
Package hyperref Info: Hyper index ON on input line 4451.
Package hyperref Info: Plain pages OFF on input line 4458.
Package hyperref Info: Backreferencing OFF on input line 4463.
Package hyperref Info: Implicit mode ON; LaTeX internals redefined.
Package hyperref Info: Bookmarks ON on input line 4688.
\c@Hy@tempcnt=\count121

(/usr/share/texlive/texmf-dist/tex/latex/url/url.sty
\Urlmuskip=\muskip11
Package: url 2013/09/16  ver 3.4  Verb mode for urls, etc.
)
LaTeX Info: Redefining \url on input line 5041.
\XeTeXLinkMargin=\dimen135
\Fld@menulength=\count122
\Field@Width=\dimen136
\Fld@charsize=\dimen137
Package hyperref Info: Hyper figures OFF on input line 6295.
Package hyperref Info: Link nesting OFF on input line 6300.
Package hyperref Info: Hyper index ON on input line 6303.
Package hyperref Info: backreferencing OFF on input line 6310.
Package hyperref Info: Link coloring OFF on input line 6315.
Package hyperref Info: Link coloring with OCG OFF on input line 6320.
Package hyperref Info: PDF/A mode OFF on input line 6325.
LaTeX Info: Redefining \ref on input line 6365.
LaTeX Info: Redefining \pageref on input line 6369.
\Hy@abspage=\count123
\c@Item=\count124
\c@Hfootnote=\count125
)

Package hyperref Message: Driver (autodetected): hpdftex.

(/usr/share/texlive/texmf-dist/tex/latex/hyperref/hpdftex.def
File: hpdftex.def 2012/11/06 v6.83m Hyperref driver for pdfTeX
\Fld@listcount=\count126
\c@bookmark@seq@number=\count127

(/usr/share/texlive/texmf-dist/tex/latex/oberdiek/rerunfilecheck.sty
Package: rerunfilecheck 2011/04/15 v1.7 Rerun checks for auxiliary files (HO)
Package uniquecounter Info: New unique counter `rerunfilecheck' on input line 2
82.
)
\Hy@SectionHShift=\skip62
)
(./sampleThesis.aux

LaTeX Warning: Label `fig:EdgeLabeling' multiply defined.

)
\openout1 = `sampleThesis.aux'.

LaTeX Font Info:    Checking defaults for OML/cmm/m/it on input line 41.
LaTeX Font Info:    ... okay on input line 41.
LaTeX Font Info:    Checking defaults for T1/cmr/m/n on input line 41.
LaTeX Font Info:    ... okay on input line 41.
LaTeX Font Info:    Checking defaults for OT1/cmr/m/n on input line 41.
LaTeX Font Info:    ... okay on input line 41.
LaTeX Font Info:    Checking defaults for OMS/cmsy/m/n on input line 41.
LaTeX Font Info:    ... okay on input line 41.
LaTeX Font Info:    Checking defaults for OMX/cmex/m/n on input line 41.
LaTeX Font Info:    ... okay on input line 41.
LaTeX Font Info:    Checking defaults for U/cmr/m/n on input line 41.
LaTeX Font Info:    ... okay on input line 41.
LaTeX Font Info:    Checking defaults for PD1/pdf/m/n on input line 41.
LaTeX Font Info:    ... okay on input line 41.
LaTeX Font Info:    Try loading font information for OT1+ptm on input line 41.
 (/usr/share/texlive/texmf-dist/tex/latex/psnfss/ot1ptm.fd
File: ot1ptm.fd 2001/06/04 font definitions for OT1/ptm.
)
(/usr/share/texlive/texmf-dist/tex/context/base/supp-pdf.mkii
[Loading MPS to PDF converter (version 2006.09.02).]
\scratchcounter=\count128
\scratchdimen=\dimen138
\scratchbox=\box34
\nofMPsegments=\count129
\nofMParguments=\count130
\everyMPshowfont=\toks22
\MPscratchCnt=\count131
\MPscratchDim=\dimen139
\MPnumerator=\count132
\makeMPintoPDFobject=\count133
\everyMPtoPDFconversion=\toks23
) (/usr/share/texlive/texmf-dist/tex/latex/oberdiek/epstopdf-base.sty
Package: epstopdf-base 2010/02/09 v2.5 Base part for package epstopdf

(/usr/share/texlive/texmf-dist/tex/latex/oberdiek/grfext.sty
Package: grfext 2010/08/19 v1.1 Manage graphics extensions (HO)
)
Package grfext Info: Graphics extension search list:
(grfext)             [.png,.pdf,.jpg,.mps,.jpeg,.jbig2,.jb2,.PNG,.PDF,.JPG,.JPE
G,.JBIG2,.JB2,.eps]
(grfext)             \AppendGraphicsExtensions on input line 452.

(/usr/share/texlive/texmf-dist/tex/latex/latexconfig/epstopdf-sys.cfg
File: epstopdf-sys.cfg 2010/07/13 v1.3 Configuration of (r)epstopdf for TeX Liv
e
))
(/usr/share/texlive/texmf-dist/tex/latex/ms/ragged2e.sty
Package: ragged2e 2009/05/21 v2.1 ragged2e Package (MS)

(/usr/share/texlive/texmf-dist/tex/latex/ms/everysel.sty
Package: everysel 2011/10/28 v1.2 EverySelectfont Package (MS)

ABD: EverySelectfont initializing macros
LaTeX Info: Redefining \selectfont on input line 126.
)
\CenteringLeftskip=\skip63
\RaggedLeftLeftskip=\skip64
\RaggedRightLeftskip=\skip65
\CenteringRightskip=\skip66
\RaggedLeftRightskip=\skip67
\RaggedRightRightskip=\skip68
\CenteringParfillskip=\skip69
\RaggedLeftParfillskip=\skip70
\RaggedRightParfillskip=\skip71
\JustifyingParfillskip=\skip72
\CenteringParindent=\skip73
\RaggedLeftParindent=\skip74
\RaggedRightParindent=\skip75
\JustifyingParindent=\skip76
)
\AtBeginShipoutBox=\box35
Package hyperref Info: Link coloring OFF on input line 41.

(/usr/share/texlive/texmf-dist/tex/latex/hyperref/nameref.sty
Package: nameref 2012/10/27 v2.43 Cross-referencing by name of section

(/usr/share/texlive/texmf-dist/tex/generic/oberdiek/gettitlestring.sty
Package: gettitlestring 2010/12/03 v1.4 Cleanup title references (HO)
)
\c@section@level=\count134
)
LaTeX Info: Redefining \ref on input line 41.
LaTeX Info: Redefining \pageref on input line 41.
LaTeX Info: Redefining \nameref on input line 41.

(./sampleThesis.out) (./sampleThesis.out)
\@outlinefile=\write3
\openout3 = `sampleThesis.out'.

 (./titlePage.tex
LaTeX Font Info:    Font shape `OT1/ptm/bx/n' in size <14.4> not available
(Font)              Font shape `OT1/ptm/b/n' tried instead on input line 4.
LaTeX Font Info:    Try loading font information for OT1+pcr on input line 21.

(/usr/share/texlive/texmf-dist/tex/latex/psnfss/ot1pcr.fd
File: ot1pcr.fd 2001/06/04 font definitions for OT1/pcr.
)
Package epstopdf Info: Source file: <figures/iiit.eps>
(epstopdf)                    date: 2017-07-28 14:45:08
(epstopdf)                    size: 39420 bytes
(epstopdf)             Output file: <figures/iiit-eps-converted-to.pdf>
(epstopdf)                    date: 2017-07-28 20:38:04
(epstopdf)                    size: 6162 bytes
(epstopdf)             Command: <repstopdf --outfile=figures/iiit-eps-converted
-to.pdf figures/iiit.eps>
(epstopdf)             \includegraphics on input line 25.
Package epstopdf Info: Output file is already uptodate.

<figures/iiit-eps-converted-to.pdf, id=72, 79.29625pt x 58.2175pt>
File: figures/iiit-eps-converted-to.pdf Graphic file (type pdf)

<use figures/iiit-eps-converted-to.pdf>
Package pdftex.def Info: figures/iiit-eps-converted-to.pdf used on input line 2
5.
(pdftex.def)             Requested size: 39.83385pt x 29.24547pt.
) [1


{/var/lib/texmf/fonts/map/pdftex/updmap/pdftex.map} <./figures/iiit-eps-convert
ed-to.pdf>]
LaTeX Font Info:    Try loading font information for OMS+ptm on input line 51.

(/usr/share/texlive/texmf-dist/tex/latex/psnfss/omsptm.fd
File: omsptm.fd 
)
LaTeX Font Info:    Font shape `OMS/ptm/m/n' in size <12> not available
(Font)              Font shape `OMS/cmsy/m/n' tried instead on input line 51.
 [2]
(./certificate.tex
LaTeX Font Info:    Try loading font information for U+msa on input line 16.
 (/usr/share/texlive/texmf-dist/tex/latex/amsfonts/umsa.fd
File: umsa.fd 2013/01/14 v3.01 AMS symbols A
)
LaTeX Font Info:    Try loading font information for U+msb on input line 16.

(/usr/share/texlive/texmf-dist/tex/latex/amsfonts/umsb.fd
File: umsb.fd 2013/01/14 v3.01 AMS symbols B
)
LaTeX Font Info:    Try loading font information for U+lasy on input line 16.

(/usr/share/texlive/texmf-dist/tex/latex/base/ulasy.fd
File: ulasy.fd 1998/08/17 v2.2e LaTeX symbol font definitions
)) [3] [4]
(./acknowledgements.tex) [5

] (./abstract.tex) [6

] (./sampleThesis.toc)
\tf@toc=\write4
\openout4 = `sampleThesis.toc'.

 [7

]
(./sampleThesis.lof
Overfull \hbox (6.53351pt too wide) in paragraph at lines 18--18
 [][] [][]\OT1/ptm/m/it/10.95 Sample im-age from our dataset show-ing the RGB i
m-age, depth map and edge groundtruth. 
 []

)
\tf@lof=\write5
\openout5 = `sampleThesis.lof'.

 [8

] (./sampleThesis.lot)
\tf@lot=\write6
\openout6 = `sampleThesis.lot'.

 [9

]
{\it Chapter} 1.
(./introduction.tex
LaTeX Font Info:    Font shape `OT1/ptm/bx/n' in size <10.95> not available
(Font)              Font shape `OT1/ptm/b/n' tried instead on input line 5.
 <images/Im1-RGB.png, id=204, 451.6875pt x 341.275pt>
File: images/Im1-RGB.png Graphic file (type png)

<use images/Im1-RGB.png>
Package pdftex.def Info: images/Im1-RGB.png used on input line 15.
(pdftex.def)             Requested size: 144.5433pt x 109.21022pt.

<images/Im1-Labelled-1.pdf, id=206, 325.215pt x 245.91875pt>
File: images/Im1-Labelled-1.pdf Graphic file (type pdf)

<use images/Im1-Labelled-1.pdf>
Package pdftex.def Info: images/Im1-Labelled-1.pdf used on input line 16.
(pdftex.def)             Requested size: 144.5433pt x 109.30028pt.

<images/Im1-Depth.png, id=207, 451.6875pt x 341.275pt>
File: images/Im1-Depth.png Graphic file (type png)

<use images/Im1-Depth.png>
Package pdftex.def Info: images/Im1-Depth.png used on input line 17.
(pdftex.def)             Requested size: 144.5433pt x 109.21022pt.


LaTeX Warning: Citation `3dFromSingleView' on page 1 undefined on input line 39
.

[1

]
Underfull \vbox (badness 10000) has occurred while \output is active []

 [2 <./images/Im1-RGB.png> <./images/Im1-Labelled-1.pdf> <./images/Im1-Depth.pn
g>])
[3]
{\it Chapter} 2.
(./relatedWork.tex) [4

]
{\it Chapter} 3.
(./edgeLabelKinect.tex
File: images/Im1-RGB.png Graphic file (type png)
 <use images/Im1-RGB.png>
Package pdftex.def Info: images/Im1-RGB.png used on input line 30.
(pdftex.def)             Requested size: 144.5433pt x 109.21022pt.
File: images/Im1-Labelled-1.pdf Graphic file (type pdf)

<use images/Im1-Labelled-1.pdf>
Package pdftex.def Info: images/Im1-Labelled-1.pdf used on input line 31.
(pdftex.def)             Requested size: 144.5433pt x 109.30028pt.
File: images/Im1-Depth.png Graphic file (type png)
 <use images/Im1-Depth.png>
Package pdftex.def Info: images/Im1-Depth.png used on input line 32.
(pdftex.def)             Requested size: 144.5433pt x 109.21022pt.
 (./kinectMethod.tex
<pipeline_abstract.pdf, id=287, 1094.0875pt x 426.59375pt>
File: pipeline_abstract.pdf Graphic file (type pdf)

<use pipeline_abstract.pdf>
Package pdftex.def Info: pipeline_abstract.pdf used on input line 16.
(pdftex.def)             Requested size: 451.6875pt x 176.1153pt.
 [5

]
LaTeX Font Info:    Font shape `OT1/ptm/bx/n' in size <12> not available
(Font)              Font shape `OT1/ptm/b/n' tried instead on input line 25.
 [6 <./pipeline_abstract.pdf>]
<images/EdgeLinks.pdf, id=318, 303.1325pt x 263.98625pt>
File: images/EdgeLinks.pdf Graphic file (type pdf)

<use images/EdgeLinks.pdf>
Package pdftex.def Info: images/EdgeLinks.pdf used on input line 48.
(pdftex.def)             Requested size: 121.95755pt x 106.20892pt.

<images/junctionGraph.pdf, id=319, 597.23125pt x 597.23125pt>
File: images/junctionGraph.pdf Graphic file (type pdf)

<use images/junctionGraph.pdf>
Package pdftex.def Info: images/junctionGraph.pdf used on input line 49.
(pdftex.def)             Requested size: 121.95755pt x 121.9502pt.

<images/contourGraph.pdf, id=320, 597.23125pt x 597.23125pt>
File: images/contourGraph.pdf Graphic file (type pdf)

<use images/contourGraph.pdf>
Package pdftex.def Info: images/contourGraph.pdf used on input line 50.
(pdftex.def)             Requested size: 121.95755pt x 121.9502pt.

<images/edgePixels.pdf, id=321, 655.44875pt x 454.69875pt>
File: images/edgePixels.pdf Graphic file (type pdf)

<use images/edgePixels.pdf>
Package pdftex.def Info: images/edgePixels.pdf used on input line 76.
(pdftex.def)             Requested size: 180.67224pt x 125.3374pt.

Underfull \hbox (badness 2005) in paragraph at lines 81--81
[][] []|\OT1/ptm/m/it/10.95 Edge Pixel Neigh-bor-hood:
 []

[7 <./images/EdgeLinks.pdf> <./images/junctionGraph.pdf

pdfTeX warning: /usr/bin/pdflatex (file ./images/junctionGraph.pdf): PDF inclus
ion: multiple pdfs with page group included in a single page
> <./images/contourGraph.pdf

pdfTeX warning: /usr/bin/pdflatex (file ./images/contourGraph.pdf): PDF inclusi
on: multiple pdfs with page group included in a single page
>] [8 <./images/edgePixels.pdf>]) [9] (./kinectExperiments.tex
<results/274.jpg, id=415, 562.1pt x 426.59375pt>
File: results/274.jpg Graphic file (type jpg)
 <use results/274.jpg>
Package pdftex.def Info: results/274.jpg used on input line 14.
(pdftex.def)             Requested size: 112.92188pt x 85.69476pt.

<results/274_depth.jpg, id=416, 562.1pt x 426.59375pt>
File: results/274_depth.jpg Graphic file (type jpg)

<use results/274_depth.jpg>
Package pdftex.def Info: results/274_depth.jpg used on input line 15.
(pdftex.def)             Requested size: 112.92188pt x 85.69476pt.

<results/274_gt.jpg, id=417, 562.1pt x 426.59375pt>
File: results/274_gt.jpg Graphic file (type jpg)
 <use results/274_gt.jpg>
Package pdftex.def Info: results/274_gt.jpg used on input line 16.
(pdftex.def)             Requested size: 112.92188pt x 85.69476pt.

[10 <./results/274.jpg> <./results/274_depth.jpg> <./results/274_gt.jpg>]
[11] <results/557_GT.jpg, id=456, 562.1pt x 426.59375pt>
File: results/557_GT.jpg Graphic file (type jpg)

<use results/557_GT.jpg>
Package pdftex.def Info: results/557_GT.jpg used on input line 151.
(pdftex.def)             Requested size: 85.82172pt x 65.13193pt.
 <results/637_GT.jpg, id=457, 562.1pt x 426.59375pt>
File: results/637_GT.jpg Graphic file (type jpg)

<use results/637_GT.jpg>
Package pdftex.def Info: results/637_GT.jpg used on input line 152.
(pdftex.def)             Requested size: 85.82172pt x 65.13193pt.
 <results/734_GT.jpg, id=458, 562.1pt x 426.59375pt>
File: results/734_GT.jpg Graphic file (type jpg)

<use results/734_GT.jpg>
Package pdftex.def Info: results/734_GT.jpg used on input line 153.
(pdftex.def)             Requested size: 85.82172pt x 65.13193pt.
 <results/941_GT.jpg, id=459, 562.1pt x 426.59375pt>
File: results/941_GT.jpg Graphic file (type jpg)

<use results/941_GT.jpg>
Package pdftex.def Info: results/941_GT.jpg used on input line 154.
(pdftex.def)             Requested size: 85.82172pt x 65.13193pt.
 <results/934_GT.jpg, id=460, 562.1pt x 426.59375pt>
File: results/934_GT.jpg Graphic file (type jpg)

<use results/934_GT.jpg>
Package pdftex.def Info: results/934_GT.jpg used on input line 155.
(pdftex.def)             Requested size: 85.82172pt x 65.13193pt.
 <results/557_MRF.jpg, id=461, 562.1pt x 426.59375pt>
File: results/557_MRF.jpg Graphic file (type jpg)

<use results/557_MRF.jpg>
Package pdftex.def Info: results/557_MRF.jpg used on input line 157.
(pdftex.def)             Requested size: 85.82172pt x 65.13193pt.
 <results/637_MRF.jpg, id=462, 562.1pt x 426.59375pt>
File: results/637_MRF.jpg Graphic file (type jpg)

<use results/637_MRF.jpg>
Package pdftex.def Info: results/637_MRF.jpg used on input line 158.
(pdftex.def)             Requested size: 85.82172pt x 65.13193pt.
 <results/734_MRF.jpg, id=463, 562.1pt x 426.59375pt>
File: results/734_MRF.jpg Graphic file (type jpg)

<use results/734_MRF.jpg>
Package pdftex.def Info: results/734_MRF.jpg used on input line 159.
(pdftex.def)             Requested size: 85.82172pt x 65.13193pt.
 <results/941_MRF.jpg, id=464, 562.1pt x 426.59375pt>
File: results/941_MRF.jpg Graphic file (type jpg)

<use results/941_MRF.jpg>
Package pdftex.def Info: results/941_MRF.jpg used on input line 160.
(pdftex.def)             Requested size: 85.82172pt x 65.13193pt.
 <results/934_MRF.jpg, id=465, 562.1pt x 426.59375pt>
File: results/934_MRF.jpg Graphic file (type jpg)

<use results/934_MRF.jpg>
Package pdftex.def Info: results/934_MRF.jpg used on input line 161.
(pdftex.def)             Requested size: 85.82172pt x 65.13193pt.
 <results/143_gt.jpg, id=466, 562.1pt x 426.59375pt>
File: results/143_gt.jpg Graphic file (type jpg)

<use results/143_gt.jpg>
Package pdftex.def Info: results/143_gt.jpg used on input line 173.
(pdftex.def)             Requested size: 72.27165pt x 54.84726pt.
File: results/274_gt.jpg Graphic file (type jpg)
 <use results/274_gt.jpg>
Package pdftex.def Info: results/274_gt.jpg used on input line 174.
(pdftex.def)             Requested size: 72.27165pt x 54.84726pt.

<supplementary/364_gt.jpg, id=467, 562.1pt x 426.59375pt>
File: supplementary/364_gt.jpg Graphic file (type jpg)

<use supplementary/364_gt.jpg>
Package pdftex.def Info: supplementary/364_gt.jpg used on input line 175.
(pdftex.def)             Requested size: 72.27165pt x 54.84726pt.

<results/214_gt.jpg, id=468, 562.1pt x 426.59375pt>
File: results/214_gt.jpg Graphic file (type jpg)
 <use results/214_gt.jpg>
Package pdftex.def Info: results/214_gt.jpg used on input line 176.
(pdftex.def)             Requested size: 76.78604pt x 58.27113pt.

<supplementary/90_gt.jpg, id=469, 562.1pt x 426.59375pt>
File: supplementary/90_gt.jpg Graphic file (type jpg)

<use supplementary/90_gt.jpg>
Package pdftex.def Info: supplementary/90_gt.jpg used on input line 177.
(pdftex.def)             Requested size: 76.78604pt x 58.27113pt.

<results/143_graphcut.jpg, id=470, 562.1pt x 426.59375pt>
File: results/143_graphcut.jpg Graphic file (type jpg)

<use results/143_graphcut.jpg>
Package pdftex.def Info: results/143_graphcut.jpg used on input line 178.
(pdftex.def)             Requested size: 72.27165pt x 54.84726pt.

<results/274_graphcut.jpg, id=471, 562.1pt x 426.59375pt>
File: results/274_graphcut.jpg Graphic file (type jpg)

<use results/274_graphcut.jpg>
Package pdftex.def Info: results/274_graphcut.jpg used on input line 179.
(pdftex.def)             Requested size: 72.27165pt x 54.84726pt.

<supplementary/364_graphcut.jpg, id=472, 562.1pt x 426.59375pt>
File: supplementary/364_graphcut.jpg Graphic file (type jpg)

<use supplementary/364_graphcut.jpg>
Package pdftex.def Info: supplementary/364_graphcut.jpg used on input line 180.

(pdftex.def)             Requested size: 72.27165pt x 54.84726pt.

<results/214_graphcut.jpg, id=473, 562.1pt x 426.59375pt>
File: results/214_graphcut.jpg Graphic file (type jpg)

<use results/214_graphcut.jpg>
Package pdftex.def Info: results/214_graphcut.jpg used on input line 181.
(pdftex.def)             Requested size: 76.78604pt x 58.27113pt.

<supplementary/90_graphcut.jpg, id=474, 562.1pt x 426.59375pt>
File: supplementary/90_graphcut.jpg Graphic file (type jpg)

<use supplementary/90_graphcut.jpg>
Package pdftex.def Info: supplementary/90_graphcut.jpg used on input line 182.
(pdftex.def)             Requested size: 76.78604pt x 58.27113pt.

<results/Gupta/143.jpg, id=475, 562.1pt x 426.59375pt>
File: results/Gupta/143.jpg Graphic file (type jpg)

<use results/Gupta/143.jpg>
Package pdftex.def Info: results/Gupta/143.jpg used on input line 184.
(pdftex.def)             Requested size: 72.27165pt x 54.84726pt.

<results/Gupta/274.jpg, id=476, 562.1pt x 426.59375pt>
File: results/Gupta/274.jpg Graphic file (type jpg)

<use results/Gupta/274.jpg>
Package pdftex.def Info: results/Gupta/274.jpg used on input line 185.
(pdftex.def)             Requested size: 72.27165pt x 54.84726pt.

<results/Gupta/364.jpg, id=477, 562.1pt x 426.59375pt>
File: results/Gupta/364.jpg Graphic file (type jpg)

<use results/Gupta/364.jpg>
Package pdftex.def Info: results/Gupta/364.jpg used on input line 186.
(pdftex.def)             Requested size: 72.27165pt x 54.84726pt.

<results/Gupta/214.jpg, id=478, 562.1pt x 426.59375pt>
File: results/Gupta/214.jpg Graphic file (type jpg)

<use results/Gupta/214.jpg>
Package pdftex.def Info: results/Gupta/214.jpg used on input line 187.
(pdftex.def)             Requested size: 76.78604pt x 58.27113pt.

<results/Gupta/90.jpg, id=479, 562.1pt x 426.59375pt>
File: results/Gupta/90.jpg Graphic file (type jpg)

<use results/Gupta/90.jpg>
Package pdftex.def Info: results/Gupta/90.jpg used on input line 188.
(pdftex.def)             Requested size: 76.78604pt x 58.27113pt.
 <results/387_GT.jpg, id=482, 562.1pt x 426.59375pt>
File: results/387_GT.jpg Graphic file (type jpg)

<use results/387_GT.jpg>
Package pdftex.def Info: results/387_GT.jpg used on input line 198.
(pdftex.def)             Requested size: 85.82172pt x 65.13193pt.
 <results/248_GT.jpg, id=483, 562.1pt x 426.59375pt>
File: results/248_GT.jpg Graphic file (type jpg)

<use results/248_GT.jpg>
Package pdftex.def Info: results/248_GT.jpg used on input line 199.
(pdftex.def)             Requested size: 85.82172pt x 65.13193pt.
 <results/228_GT.jpg, id=484, 562.1pt x 426.59375pt>
File: results/228_GT.jpg Graphic file (type jpg)

<use results/228_GT.jpg>
Package pdftex.def Info: results/228_GT.jpg used on input line 201.
(pdftex.def)             Requested size: 85.82172pt x 65.13193pt.
 <results/410_GT.jpg, id=485, 562.1pt x 426.59375pt>
File: results/410_GT.jpg Graphic file (type jpg)

<use results/410_GT.jpg>
Package pdftex.def Info: results/410_GT.jpg used on input line 202.
(pdftex.def)             Requested size: 85.82172pt x 65.13193pt.
 <results/464_GT.jpg, id=486, 562.1pt x 426.59375pt>
File: results/464_GT.jpg Graphic file (type jpg)

<use results/464_GT.jpg>
Package pdftex.def Info: results/464_GT.jpg used on input line 204.
(pdftex.def)             Requested size: 85.82172pt x 65.13193pt.
 <results/387_MRF.jpg, id=487, 562.1pt x 426.59375pt>
File: results/387_MRF.jpg Graphic file (type jpg)

<use results/387_MRF.jpg>
Package pdftex.def Info: results/387_MRF.jpg used on input line 206.
(pdftex.def)             Requested size: 85.82172pt x 65.13193pt.
 <results/248_MRF.jpg, id=488, 562.1pt x 426.59375pt>
File: results/248_MRF.jpg Graphic file (type jpg)

<use results/248_MRF.jpg>
Package pdftex.def Info: results/248_MRF.jpg used on input line 207.
(pdftex.def)             Requested size: 85.82172pt x 65.13193pt.
 <results/228_MRF.jpg, id=489, 562.1pt x 426.59375pt>
File: results/228_MRF.jpg Graphic file (type jpg)

<use results/228_MRF.jpg>
Package pdftex.def Info: results/228_MRF.jpg used on input line 209.
(pdftex.def)             Requested size: 85.82172pt x 65.13193pt.
 <results/410_MRF.jpg, id=490, 562.1pt x 426.59375pt>
File: results/410_MRF.jpg Graphic file (type jpg)

<use results/410_MRF.jpg>
Package pdftex.def Info: results/410_MRF.jpg used on input line 210.
(pdftex.def)             Requested size: 85.82172pt x 65.13193pt.
 <results/464_MRF.jpg, id=491, 562.1pt x 426.59375pt>
File: results/464_MRF.jpg Graphic file (type jpg)

<use results/464_MRF.jpg>
Package pdftex.def Info: results/464_MRF.jpg used on input line 212.
(pdftex.def)             Requested size: 85.82172pt x 65.13193pt.

<results/Gupta/387.jpg, id=492, 562.1pt x 426.59375pt>
File: results/Gupta/387.jpg Graphic file (type jpg)

<use results/Gupta/387.jpg>
Package pdftex.def Info: results/Gupta/387.jpg used on input line 214.
(pdftex.def)             Requested size: 85.82172pt x 65.13193pt.

<results/Gupta/248.jpg, id=493, 562.1pt x 426.59375pt>
File: results/Gupta/248.jpg Graphic file (type jpg)

<use results/Gupta/248.jpg>
Package pdftex.def Info: results/Gupta/248.jpg used on input line 215.
(pdftex.def)             Requested size: 85.82172pt x 65.13193pt.

<results/Gupta/228.jpg, id=494, 562.1pt x 426.59375pt>
File: results/Gupta/228.jpg Graphic file (type jpg)

<use results/Gupta/228.jpg>
Package pdftex.def Info: results/Gupta/228.jpg used on input line 217.
(pdftex.def)             Requested size: 85.82172pt x 65.13193pt.

<results/Gupta/410.jpg, id=495, 562.1pt x 426.59375pt>
File: results/Gupta/410.jpg Graphic file (type jpg)

<use results/Gupta/410.jpg>
Package pdftex.def Info: results/Gupta/410.jpg used on input line 218.
(pdftex.def)             Requested size: 85.82172pt x 65.13193pt.

<results/Gupta/464.jpg, id=496, 562.1pt x 426.59375pt>
File: results/Gupta/464.jpg Graphic file (type jpg)

<use results/Gupta/464.jpg>
Package pdftex.def Info: results/Gupta/464.jpg used on input line 220.
(pdftex.def)             Requested size: 85.82172pt x 65.13193pt.

<supplementary/131_gt.jpg, id=497, 562.1pt x 426.59375pt>
File: supplementary/131_gt.jpg Graphic file (type jpg)

<use supplementary/131_gt.jpg>
Package pdftex.def Info: supplementary/131_gt.jpg used on input line 222.
(pdftex.def)             Requested size: 76.78604pt x 58.27113pt.

<supplementary/394_gt.jpg, id=498, 562.1pt x 426.59375pt>
File: supplementary/394_gt.jpg Graphic file (type jpg)

<use supplementary/394_gt.jpg>
Package pdftex.def Info: supplementary/394_gt.jpg used on input line 223.
(pdftex.def)             Requested size: 76.78604pt x 58.27113pt.

<supplementary/407_gt.jpg, id=499, 562.1pt x 426.59375pt>
File: supplementary/407_gt.jpg Graphic file (type jpg)

<use supplementary/407_gt.jpg>
Package pdftex.def Info: supplementary/407_gt.jpg used on input line 224.
(pdftex.def)             Requested size: 76.78604pt x 58.27113pt.

<supplementary/56_gt.jpg, id=500, 562.1pt x 426.59375pt>
File: supplementary/56_gt.jpg Graphic file (type jpg)

<use supplementary/56_gt.jpg>
Package pdftex.def Info: supplementary/56_gt.jpg used on input line 225.
(pdftex.def)             Requested size: 76.78604pt x 58.27113pt.

<supplementary/432_gt.jpg, id=501, 562.1pt x 426.59375pt>
File: supplementary/432_gt.jpg Graphic file (type jpg)

<use supplementary/432_gt.jpg>
Package pdftex.def Info: supplementary/432_gt.jpg used on input line 226.
(pdftex.def)             Requested size: 76.78604pt x 58.27113pt.

<supplementary/131_graphcut.jpg, id=502, 562.1pt x 426.59375pt>
File: supplementary/131_graphcut.jpg Graphic file (type jpg)

<use supplementary/131_graphcut.jpg>
Package pdftex.def Info: supplementary/131_graphcut.jpg used on input line 227.

(pdftex.def)             Requested size: 76.78604pt x 58.27113pt.

<supplementary/394_graphcut.jpg, id=503, 562.1pt x 426.59375pt>
File: supplementary/394_graphcut.jpg Graphic file (type jpg)

<use supplementary/394_graphcut.jpg>
Package pdftex.def Info: supplementary/394_graphcut.jpg used on input line 228.

(pdftex.def)             Requested size: 76.78604pt x 58.27113pt.

<supplementary/407_graphcut.jpg, id=504, 562.1pt x 426.59375pt>
File: supplementary/407_graphcut.jpg Graphic file (type jpg)

<use supplementary/407_graphcut.jpg>
Package pdftex.def Info: supplementary/407_graphcut.jpg used on input line 229.

(pdftex.def)             Requested size: 76.78604pt x 58.27113pt.

<supplementary/56_graphcut.jpg, id=505, 562.1pt x 426.59375pt>
File: supplementary/56_graphcut.jpg Graphic file (type jpg)

<use supplementary/56_graphcut.jpg>
Package pdftex.def Info: supplementary/56_graphcut.jpg used on input line 230.
(pdftex.def)             Requested size: 76.78604pt x 58.27113pt.

<supplementary/432_graphcut.jpg, id=506, 562.1pt x 426.59375pt>
File: supplementary/432_graphcut.jpg Graphic file (type jpg)

<use supplementary/432_graphcut.jpg>
Package pdftex.def Info: supplementary/432_graphcut.jpg used on input line 231.

(pdftex.def)             Requested size: 76.78604pt x 58.27113pt.

<results/Gupta/131.jpg, id=507, 562.1pt x 426.59375pt>
File: results/Gupta/131.jpg Graphic file (type jpg)

<use results/Gupta/131.jpg>
Package pdftex.def Info: results/Gupta/131.jpg used on input line 233.
(pdftex.def)             Requested size: 76.78604pt x 58.27113pt.

<results/Gupta/394.jpg, id=508, 562.1pt x 426.59375pt>
File: results/Gupta/394.jpg Graphic file (type jpg)

<use results/Gupta/394.jpg>
Package pdftex.def Info: results/Gupta/394.jpg used on input line 234.
(pdftex.def)             Requested size: 76.78604pt x 58.27113pt.

<results/Gupta/407.jpg, id=509, 562.1pt x 426.59375pt>
File: results/Gupta/407.jpg Graphic file (type jpg)

<use results/Gupta/407.jpg>
Package pdftex.def Info: results/Gupta/407.jpg used on input line 235.
(pdftex.def)             Requested size: 76.78604pt x 58.27113pt.

<results/Gupta/56.jpg, id=510, 562.1pt x 426.59375pt>
File: results/Gupta/56.jpg Graphic file (type jpg)

<use results/Gupta/56.jpg>
Package pdftex.def Info: results/Gupta/56.jpg used on input line 236.
(pdftex.def)             Requested size: 76.78604pt x 58.27113pt.

<results/Gupta/432.jpg, id=511, 562.1pt x 426.59375pt>
File: results/Gupta/432.jpg Graphic file (type jpg)

<use results/Gupta/432.jpg>
Package pdftex.def Info: results/Gupta/432.jpg used on input line 237.
(pdftex.def)             Requested size: 76.78604pt x 58.27113pt.
)) [12] [13pdfTeX warning (ext4): destination with the same identifier (name{su
bfigure.3.6.1}) has been already used, duplicate ignored

\AtBegShi@Output ...ipout \box \AtBeginShipoutBox 
                                                  \fi \fi 
l.98 \chapter
             {Edge labeling using Stereo}pdfTeX warning (ext4): destination wit
h the same identifier (name{subfigure.3.6.2}) has been already used, duplicate 
ignored

\AtBegShi@Output ...ipout \box \AtBeginShipoutBox 
                                                  \fi \fi 
l.98 \chapter
             {Edge labeling using Stereo}pdfTeX warning (ext4): destination wit
h the same identifier (name{subfigure.3.6.3}) has been already used, duplicate 
ignored

\AtBegShi@Output ...ipout \box \AtBeginShipoutBox 
                                                  \fi \fi 
l.98 \chapter
             {Edge labeling using Stereo}pdfTeX warning (ext4): destination wit
h the same identifier (name{subfigure.3.6.4}) has been already used, duplicate 
ignored

\AtBegShi@Output ...ipout \box \AtBeginShipoutBox 
                                                  \fi \fi 
l.98 \chapter
             {Edge labeling using Stereo}pdfTeX warning (ext4): destination wit
h the same identifier (name{subfigure.3.6.5}) has been already used, duplicate 
ignored

\AtBegShi@Output ...ipout \box \AtBeginShipoutBox 
                                                  \fi \fi 
l.98 \chapter
             {Edge labeling using Stereo}pdfTeX warning (ext4): destination wit
h the same identifier (name{subfigure.3.7.6}) has been already used, duplicate 
ignored

\AtBegShi@Output ...ipout \box \AtBeginShipoutBox 
                                                  \fi \fi 
l.98 \chapter
             {Edge labeling using Stereo}pdfTeX warning (ext4): destination wit
h the same identifier (name{subfigure.3.7.7}) has been already used, duplicate 
ignored

\AtBegShi@Output ...ipout \box \AtBeginShipoutBox 
                                                  \fi \fi 
l.98 \chapter
             {Edge labeling using Stereo}pdfTeX warning (ext4): destination wit
h the same identifier (name{subfigure.3.7.8}) has been already used, duplicate 
ignored

\AtBegShi@Output ...ipout \box \AtBeginShipoutBox 
                                                  \fi \fi 
l.98 \chapter
             {Edge labeling using Stereo}pdfTeX warning (ext4): destination wit
h the same identifier (name{subfigure.3.7.9}) has been already used, duplicate 
ignored

\AtBegShi@Output ...ipout \box \AtBeginShipoutBox 
                                                  \fi \fi 
l.98 \chapter
             {Edge labeling using Stereo}pdfTeX warning (ext4): destination wit
h the same identifier (name{subfigure.3.7.10}) has been already used, duplicate
 ignored

\AtBegShi@Output ...ipout \box \AtBeginShipoutBox 
                                                  \fi \fi 
l.98 \chapter
             {Edge labeling using Stereo} <./results/557_GT.jpg> <./results/637
_GT.jpg> <./results/734_GT.jpg> <./results/941_GT.jpg> <./results/934_GT.jpg> <
./results/557_MRF.jpg> <./results/637_MRF.jpg> <./results/734_MRF.jpg> <./resul
ts/941_MRF.jpg> <./results/934_MRF.jpg> <./results/143_gt.jpg> <./supplementary
/364_gt.jpg> <./results/214_gt.jpg> <./supplementary/90_gt.jpg> <./results/143_
graphcut.jpg> <./results/274_graphcut.jpg> <./supplementary/364_graphcut.jpg> <
./results/214_graphcut.jpg> <./supplementary/90_graphcut.jpg> <./results/Gupta/
143.jpg> <./results/Gupta/274.jpg> <./results/Gupta/364.jpg> <./results/Gupta/2
14.jpg> <./results/Gupta/90.jpg>] [14pdfTeX warning (ext4): destination with th
e same identifier (name{subfigure.3.8.1}) has been already used, duplicate igno
red

\AtBegShi@Output ...ipout \box \AtBeginShipoutBox 
                                                  \fi \fi 
l.98 \chapter
             {Edge labeling using Stereo}pdfTeX warning (ext4): destination wit
h the same identifier (name{subfigure.3.8.2}) has been already used, duplicate 
ignored

\AtBegShi@Output ...ipout \box \AtBeginShipoutBox 
                                                  \fi \fi 
l.98 \chapter
             {Edge labeling using Stereo}pdfTeX warning (ext4): destination wit
h the same identifier (name{subfigure.3.8.3}) has been already used, duplicate 
ignored

\AtBegShi@Output ...ipout \box \AtBeginShipoutBox 
                                                  \fi \fi 
l.98 \chapter
             {Edge labeling using Stereo}pdfTeX warning (ext4): destination wit
h the same identifier (name{subfigure.3.8.4}) has been already used, duplicate 
ignored

\AtBegShi@Output ...ipout \box \AtBeginShipoutBox 
                                                  \fi \fi 
l.98 \chapter
             {Edge labeling using Stereo}pdfTeX warning (ext4): destination wit
h the same identifier (name{subfigure.3.8.5}) has been already used, duplicate 
ignored

\AtBegShi@Output ...ipout \box \AtBeginShipoutBox 
                                                  \fi \fi 
l.98 \chapter
             {Edge labeling using Stereo}pdfTeX warning (ext4): destination wit
h the same identifier (name{subfigure.3.8.6}) has been already used, duplicate 
ignored

\AtBegShi@Output ...ipout \box \AtBeginShipoutBox 
                                                  \fi \fi 
l.98 \chapter
             {Edge labeling using Stereo}pdfTeX warning (ext4): destination wit
h the same identifier (name{subfigure.3.8.7}) has been already used, duplicate 
ignored

\AtBegShi@Output ...ipout \box \AtBeginShipoutBox 
                                                  \fi \fi 
l.98 \chapter
             {Edge labeling using Stereo}pdfTeX warning (ext4): destination wit
h the same identifier (name{subfigure.3.8.8}) has been already used, duplicate 
ignored

\AtBegShi@Output ...ipout \box \AtBeginShipoutBox 
                                                  \fi \fi 
l.98 \chapter
             {Edge labeling using Stereo}pdfTeX warning (ext4): destination wit
h the same identifier (name{subfigure.3.8.9}) has been already used, duplicate 
ignored

\AtBegShi@Output ...ipout \box \AtBeginShipoutBox 
                                                  \fi \fi 
l.98 \chapter
             {Edge labeling using Stereo}pdfTeX warning (ext4): destination wit
h the same identifier (name{subfigure.3.8.10}) has been already used, duplicate
 ignored

\AtBegShi@Output ...ipout \box \AtBeginShipoutBox 
                                                  \fi \fi 
l.98 \chapter
             {Edge labeling using Stereo}pdfTeX warning (ext4): destination wit
h the same identifier (name{subfigure.3.8.6}) has been already used, duplicate 
ignored

\AtBegShi@Output ...ipout \box \AtBeginShipoutBox 
                                                  \fi \fi 
l.98 \chapter
             {Edge labeling using Stereo}pdfTeX warning (ext4): destination wit
h the same identifier (name{subfigure.3.8.7}) has been already used, duplicate 
ignored

\AtBegShi@Output ...ipout \box \AtBeginShipoutBox 
                                                  \fi \fi 
l.98 \chapter
             {Edge labeling using Stereo}pdfTeX warning (ext4): destination wit
h the same identifier (name{subfigure.3.8.8}) has been already used, duplicate 
ignored

\AtBegShi@Output ...ipout \box \AtBeginShipoutBox 
                                                  \fi \fi 
l.98 \chapter
             {Edge labeling using Stereo}pdfTeX warning (ext4): destination wit
h the same identifier (name{subfigure.3.8.9}) has been already used, duplicate 
ignored

\AtBegShi@Output ...ipout \box \AtBeginShipoutBox 
                                                  \fi \fi 
l.98 \chapter
             {Edge labeling using Stereo}pdfTeX warning (ext4): destination wit
h the same identifier (name{subfigure.3.8.10}) has been already used, duplicate
 ignored

\AtBegShi@Output ...ipout \box \AtBeginShipoutBox 
                                                  \fi \fi 
l.98 \chapter
             {Edge labeling using Stereo} <./results/387_GT.jpg> <./results/248
_GT.jpg> <./results/228_GT.jpg> <./results/410_GT.jpg> <./results/464_GT.jpg> <
./results/387_MRF.jpg> <./results/248_MRF.jpg> <./results/228_MRF.jpg> <./resul
ts/410_MRF.jpg> <./results/464_MRF.jpg> <./results/Gupta/387.jpg> <./results/Gu
pta/248.jpg> <./results/Gupta/228.jpg> <./results/Gupta/410.jpg> <./results/Gup
ta/464.jpg> <./supplementary/131_gt.jpg> <./supplementary/394_gt.jpg> <./supple
mentary/407_gt.jpg> <./supplementary/56_gt.jpg> <./supplementary/432_gt.jpg> <.
/supplementary/131_graphcut.jpg> <./supplementary/394_graphcut.jpg> <./suppleme
ntary/407_graphcut.jpg> <./supplementary/56_graphcut.jpg> <./supplementary/432_
graphcut.jpg> <./results/Gupta/131.jpg> <./results/Gupta/394.jpg> <./results/Gu
pta/407.jpg> <./results/Gupta/56.jpg> <./results/Gupta/432.jpg>]
{\it Chapter} 4.
(./edgeLabelStereo.tex) [15

]
{\it Chapter} 5.
(./conclusion.tex) [16

] (./relatedPapers.tex) [17

] (./sampleThesis.bbl [18


])
Package atveryend Info: Empty hook `BeforeClearDocument' on input line 128.

[19]
Package atveryend Info: Empty hook `AfterLastShipout' on input line 128.
 (./sampleThesis.aux)
Package atveryend Info: Executing hook `AtVeryEndDocument' on input line 128.
Package atveryend Info: Executing hook `AtEndAfterFileList' on input line 128.
Package rerunfilecheck Info: File `sampleThesis.out' has not changed.
(rerunfilecheck)             Checksum: CDBAB33637AD084357DFD58AA38C24A2;1051.


LaTeX Warning: There were undefined references.


LaTeX Warning: There were multiply-defined labels.

Package atveryend Info: Empty hook `AtVeryVeryEnd' on input line 128.
 ) 
Here is how much of TeX's memory you used:
 7800 strings out of 493304
 113280 string characters out of 6139871
 215845 words of memory out of 5000000
 10866 multiletter control sequences out of 15000+600000
 28917 words of font info for 62 fonts, out of 8000000 for 9000
 957 hyphenation exceptions out of 8191
 34i,10n,30p,458b,455s stack positions out of 5000i,500n,10000p,200000b,80000s
{/usr/share/texlive/texmf-dist/fonts/enc/dvips/base/8r.enc}</usr/share/texliv
e/texmf-dist/fonts/type1/public/amsfonts/cm/cmex10.pfb></usr/share/texlive/texm
f-dist/fonts/type1/public/amsfonts/cm/cmmi10.pfb></usr/share/texlive/texmf-dist
/fonts/type1/public/amsfonts/cm/cmmi6.pfb></usr/share/texlive/texmf-dist/fonts/
type1/public/amsfonts/cm/cmmi8.pfb></usr/share/texlive/texmf-dist/fonts/type1/p
ublic/amsfonts/cm/cmr10.pfb></usr/share/texlive/texmf-dist/fonts/type1/public/a
msfonts/cm/cmr6.pfb></usr/share/texlive/texmf-dist/fonts/type1/public/amsfonts/
cm/cmr8.pfb></usr/share/texlive/texmf-dist/fonts/type1/public/amsfonts/cm/cmsy1
0.pfb></usr/share/texlive/texmf-dist/fonts/type1/public/amsfonts/cm/cmsy6.pfb><
/usr/share/texlive/texmf-dist/fonts/type1/public/amsfonts/cm/cmsy8.pfb></usr/sh
are/texlive/texmf-dist/fonts/type1/urw/courier/ucrr8a.pfb></usr/share/texlive/t
exmf-dist/fonts/type1/urw/times/utmb8a.pfb></usr/share/texlive/texmf-dist/fonts
/type1/urw/times/utmr8a.pfb></usr/share/texlive/texmf-dist/fonts/type1/urw/time
s/utmri8a.pfb>
Output written on sampleThesis.pdf (28 pages, 3048346 bytes).
PDF statistics:
 659 PDF objects out of 1000 (max. 8388607)
 509 compressed objects within 6 object streams
 145 named destinations out of 1000 (max. 500000)
 467 words of extra memory for PDF output out of 10000 (max. 10000000)

